C:\Users\SJLAP\Desktop\3D Solar System\3D Solar System\Debug\3D Solar System.exe.embed.manifest
C:\USERS\SJLAP\DESKTOP\3D SOLAR SYSTEM\3D SOLAR SYSTEM\DEBUG\3D SOLAR SYSTEM.EXE.EMBED.MANIFEST.RES
C:\USERS\SJLAP\DESKTOP\3D SOLAR SYSTEM\3D SOLAR SYSTEM\DEBUG\3D SOLAR SYSTEM.EXE.INTERMEDIATE.MANIFEST
C:\Users\SJLAP\Desktop\3D Solar System\3D Solar System\Debug\3D Solar System.write.1.tlog
C:\Users\SJLAP\Desktop\3D Solar System\3D Solar System\Debug\3D Solar System_manifest.rc
C:\Users\SJLAP\Desktop\3D Solar System\3D Solar System\Debug\cl.command.1.tlog
C:\Users\SJLAP\Desktop\3D Solar System\3D Solar System\Debug\CL.read.1.tlog
C:\Users\SJLAP\Desktop\3D Solar System\3D Solar System\Debug\CL.write.1.tlog
C:\Users\SJLAP\Desktop\3D Solar System\3D Solar System\Debug\GenerateResource.read.1.tlog
C:\Users\SJLAP\Desktop\3D Solar System\3D Solar System\Debug\GenerateResource.write.1.tlog
C:\Users\SJLAP\Desktop\3D Solar System\3D Solar System\Debug\link.4292.read.1.tlog
C:\Users\SJLAP\Desktop\3D Solar System\3D Solar System\Debug\link.4292.write.1.tlog
C:\Users\SJLAP\Desktop\3D Solar System\3D Solar System\Debug\link.4292-cvtres.read.1.tlog
C:\Users\SJLAP\Desktop\3D Solar System\3D Solar System\Debug\link.4292-cvtres.write.1.tlog
C:\Users\SJLAP\Desktop\3D Solar System\3D Solar System\Debug\link.5172.read.1.tlog
C:\Users\SJLAP\Desktop\3D Solar System\3D Solar System\Debug\link.5172.write.1.tlog
C:\Users\SJLAP\Desktop\3D Solar System\3D Solar System\Debug\link.5172-cvtres.read.1.tlog
C:\Users\SJLAP\Desktop\3D Solar System\3D Solar System\Debug\link.5172-cvtres.write.1.tlog
C:\Users\SJLAP\Desktop\3D Solar System\3D Solar System\Debug\link.5432.1288.read.1.tlog
C:\Users\SJLAP\Desktop\3D Solar System\3D Solar System\Debug\link.5432.1288.write.1.tlog
C:\Users\SJLAP\Desktop\3D Solar System\3D Solar System\Debug\link.5432.1288-cvtres.read.1.tlog
C:\Users\SJLAP\Desktop\3D Solar System\3D Solar System\Debug\link.5432.1288-cvtres.write.1.tlog
C:\Users\SJLAP\Desktop\3D Solar System\3D Solar System\Debug\link.5432.read.1.tlog
C:\Users\SJLAP\Desktop\3D Solar System\3D Solar System\Debug\link.5432.write.1.tlog
C:\Users\SJLAP\Desktop\3D Solar System\3D Solar System\Debug\link.5896.read.1.tlog
C:\Users\SJLAP\Desktop\3D Solar System\3D Solar System\Debug\link.5896.write.1.tlog
C:\Users\SJLAP\Desktop\3D Solar System\3D Solar System\Debug\link.5896-cvtres.read.1.tlog
C:\Users\SJLAP\Desktop\3D Solar System\3D Solar System\Debug\link.5896-cvtres.write.1.tlog
C:\Users\SJLAP\Desktop\3D Solar System\3D Solar System\Debug\link.command.1.tlog
C:\Users\SJLAP\Desktop\3D Solar System\3D Solar System\Debug\link.read.1.tlog
C:\Users\SJLAP\Desktop\3D Solar System\3D Solar System\Debug\link.write.1.tlog
C:\Users\SJLAP\Desktop\3D Solar System\3D Solar System\Debug\link-cvtres.read.1.tlog
C:\Users\SJLAP\Desktop\3D Solar System\3D Solar System\Debug\link-cvtres.write.1.tlog
C:\USERS\SJLAP\DESKTOP\3D SOLAR SYSTEM\3D SOLAR SYSTEM\DEBUG\MAIN.OBJ
C:\USERS\SJLAP\DESKTOP\3D SOLAR SYSTEM\3D SOLAR SYSTEM\DEBUG\MENU.OBJ
C:\Users\SJLAP\Desktop\3D Solar System\3D Solar System\Debug\mt.command.1.tlog
C:\Users\SJLAP\Desktop\3D Solar System\3D Solar System\Debug\mt.read.1.tlog
C:\Users\SJLAP\Desktop\3D Solar System\3D Solar System\Debug\mt.write.1.tlog
C:\USERS\SJLAP\DESKTOP\3D SOLAR SYSTEM\3D SOLAR SYSTEM\DEBUG\MY3DSOLARSYSTEM.MENU.RESOURCES
C:\Users\SJLAP\Desktop\3D Solar System\3D Solar System\Debug\rc.command.1.tlog
C:\Users\SJLAP\Desktop\3D Solar System\3D Solar System\Debug\rc.read.1.tlog
C:\Users\SJLAP\Desktop\3D Solar System\3D Solar System\Debug\rc.write.1.tlog
C:\Users\SJLAP\Desktop\3D Solar System\3D Solar System\Debug\vc100.idb
C:\USERS\SJLAP\DESKTOP\3D SOLAR SYSTEM\3D SOLAR SYSTEM\DEBUG\VC100.PDB
C:\Users\SJLAP\Desktop\3D Solar System\3D Solar System\Debug\vc90.idb
C:\Users\SJLAP\Desktop\3D Solar System\3D Solar System\Debug\vc90.pdb
C:\USERS\SJLAP\DESKTOP\3D SOLAR SYSTEM\DEBUG\3D SOLAR SYSTEM.EXE
C:\USERS\SJLAP\DESKTOP\3D SOLAR SYSTEM\DEBUG\3D SOLAR SYSTEM.ILK
C:\USERS\SJLAP\DESKTOP\3D SOLAR SYSTEM\DEBUG\3D SOLAR SYSTEM.PDB
